{"time":"9/26/2020, 12:17:35 PM","level":"error","message":"Invalid URL: cleanpaw.com"}
{"time":"9/26/2020, 2:52:12 PM","level":"error","message":"URLNotActiveMessage is not defined"}
{"time":"9/26/2020, 2:54:22 PM","level":"error","message":"Unexpected token '{' in c:\\Web Development\\websites\\foreclosurecleanup.org\\website\\views\\my-account.ejs while compiling ejs\n\nIf the above error is not helpful, you may want to try EJS-Lint:\nhttps://github.com/RyanZim/EJS-Lint\nOr, if you meant to create an async function, pass `async: true` as an option."}
{"time":"9/26/2020, 2:55:34 PM","level":"error","message":"Unexpected token '{' in c:\\Web Development\\websites\\foreclosurecleanup.org\\website\\views\\my-account.ejs while compiling ejs\n\nIf the above error is not helpful, you may want to try EJS-Lint:\nhttps://github.com/RyanZim/EJS-Lint\nOr, if you meant to create an async function, pass `async: true` as an option."}
{"time":"9/26/2020, 4:55:13 PM","level":"error","message":"Failed to lookup view \"my-account#company-website\" in views directory \"c:\\Web Development\\websites\\foreclosurecleanup.org\\website\\views\""}
{"time":"9/26/2020, 4:55:38 PM","level":"error","message":"Failed to lookup view \"my-account#company-website\" in views directory \"c:\\Web Development\\websites\\foreclosurecleanup.org\\website\\views\""}
{"time":"9/26/2020, 4:58:31 PM","level":"error","message":"Failed to lookup view \"my-account#company-website\" in views directory \"c:\\Web Development\\websites\\foreclosurecleanup.org\\website\\views\""}
{"time":"9/26/2020, 4:59:15 PM","level":"error","message":"Failed to lookup view \"my-account#company-website\" in views directory \"c:\\Web Development\\websites\\foreclosurecleanup.org\\website\\views\""}
{"time":"9/26/2020, 7:12:39 PM","level":"error","message":"regexPattern.test is not a function"}
{"time":"9/26/2020, 7:15:21 PM","level":"error","message":"regexPattern.test is not a function"}
{"time":"9/26/2020, 7:25:46 PM","level":"error","message":"Invalid regular expression: /[A-Z0-9'- ]/: Range out of order in character class"}
{"time":"9/26/2020, 7:26:20 PM","level":"error","message":"Invalid regular expression: /[A-Z0-9'- ]/: Range out of order in character class"}
{"time":"9/26/2020, 7:26:45 PM","level":"error","message":"Invalid regular expression: /[A-Z0-9'- ]/: Range out of order in character class"}
{"time":"9/26/2020, 7:27:38 PM","level":"error","message":"Invalid regular expression: /[A-Z0-9'- ]/: Range out of order in character class"}
{"time":"9/26/2020, 7:31:04 PM","level":"error","message":"Invalid regular expression: /[A-Z0-9'- ]/: Range out of order in character class"}
{"time":"9/26/2020, 7:41:51 PM","level":"error","message":"Regexp is not defined"}
{"time":"9/26/2020, 7:43:08 PM","level":"error","message":"Invalid regular expression: /[A-Z0-9'- ]/: Range out of order in character class"}
{"time":"9/26/2020, 7:44:42 PM","level":"error","message":"Regexp is not defined"}
{"time":"9/26/2020, 7:45:44 PM","level":"error","message":"Regexp is not defined"}
{"time":"9/26/2020, 7:47:06 PM","level":"error","message":"Regexp is not defined"}
{"time":"9/26/2020, 7:50:56 PM","level":"error","message":"Regexp is not defined"}
{"time":"9/26/2020, 7:58:27 PM","level":"error","message":"Regexp is not defined"}
{"time":"9/26/2020, 7:59:00 PM","level":"error","message":"Regexp is not defined"}
{"time":"9/26/2020, 8:00:57 PM","level":"error","message":"Regexp is not defined"}
